[0727/164356:ERROR:scoped_process_suspend.cc(29)] NtSuspendProcess, ntstatus=-1073741558
[0727/164356:ERROR:process_info.cc(103)] ReadProcessMemory bool __cdecl crashpad::`anonymous-namespace'::ReadStruct<struct crashpad::process_types::PEB<struct crashpad::process_types::internal::Traits32>>(void *,unsigned __int64,struct crashpad::process_types::PEB<struct crashpad::process_types::internal::Traits32> *): Only part of a ReadProcessMemory or WriteProcessMemory request was completed. (0x12B)
[0727/164356:ERROR:process_info.cc(542)] ReadProcessData failed
[0727/164356:ERROR:process_info.cc(608)] range at 0x0, size 0x230 fully unreadable
[0727/164356:ERROR:process_reader_win.cc(232)] ReadMemory at 0x0 of 560 bytes failed: Only part of a ReadProcessMemory or WriteProcessMemory request was completed. (0x12B)
[0727/164356:ERROR:process_snapshot_win.cc(349)] ReadMemory PEB
[0727/164356:ERROR:process_reader_win.cc(232)] ReadMemory at 0x77bc5120 of 5888 bytes failed: Only part of a ReadProcessMemory or WriteProcessMemory request was completed. (0x12B)
[0727/164356:ERROR:process_reader_win.cc(98)] process 9316 not found
[0727/164356:ERROR:process_reader_win.cc(232)] ReadMemory at 0x1bc374 of 12 bytes failed: Only part of a ReadProcessMemory or WriteProcessMemory request was completed. (0x12B)
[0727/164356:WARNING:process_snapshot_win.cc(102)] ReadMemory ExceptionInformation failed
[0727/164356:WARNING:crash_report_exception_handler.cc(60)] ProcessSnapshotWin::InitializeException failed
[0727/164356:ERROR:scoped_process_suspend.cc(38)] NtResumeProcess, ntstatus=-1073741558
[0727/170922:ERROR:process_info.cc(608)] range at 0xfffde000, size 0x230 fully unreadable
[0727/170923:ERROR:process_reader_win.cc(113)] NtOpenThread: {Access Denied} A process has requested access to an object, but has not been granted those access rights.  (0xc0000022)
[0727/170923:ERROR:exception_snapshot_win.cc(57)] thread ID 4296 not found in process
[0727/170923:WARNING:crash_report_exception_handler.cc(60)] ProcessSnapshotWin::InitializeException failed
[0801/194944:ERROR:process_info.cc(608)] range at 0xfffde000, size 0x230 fully unreadable
[0801/194944:ERROR:process_reader_win.cc(141)] SuspendThread: Access is denied. (0x5)
[0801/194944:ERROR:process_reader_win.cc(232)] ReadMemory at 0xfc90000 of 64 bytes failed: Only part of a ReadProcessMemory or WriteProcessMemory request was completed. (0x12B)
[0801/194944:WARNING:pe_image_reader.cc(280)] could not read dos header from C:\Program Files (x86)\Google\Chrome\Application\51.0.2704.103\chrome_child.dll
[0801/194944:ERROR:process_reader_win.cc(232)] ReadMemory at 0x62320000 of 64 bytes failed: Only part of a ReadProcessMemory or WriteProcessMemory request was completed. (0x12B)
[0801/194944:WARNING:pe_image_reader.cc(280)] could not read dos header from C:\Windows\system32\dwrite.dll
[0801/194944:ERROR:process_reader_win.cc(232)] ReadMemory at 0x136c374 of 12 bytes failed: Only part of a ReadProcessMemory or WriteProcessMemory request was completed. (0x12B)
[0801/194944:WARNING:process_snapshot_win.cc(102)] ReadMemory ExceptionInformation failed
[0801/194944:WARNING:crash_report_exception_handler.cc(60)] ProcessSnapshotWin::InitializeException failed
[0801/194944:ERROR:scoped_process_suspend.cc(38)] NtResumeProcess, ntstatus=-1073741558
[0801/205250:ERROR:process_info.cc(608)] range at 0xfffde000, size 0x230 fully unreadable
[0801/205250:ERROR:process_reader_win.cc(113)] NtOpenThread: {Access Denied} A process has requested access to an object, but has not been granted those access rights.  (0xc0000022)
[0801/205250:ERROR:exception_snapshot_win.cc(57)] thread ID 11992 not found in process
[0801/205250:WARNING:crash_report_exception_handler.cc(60)] ProcessSnapshotWin::InitializeException failed
